	#HD: Parsing log file "./Implement/Config_shift_left_count_down_import/create_project.log":


	#HD: Parsing log file "./Implement/Config_shift_left_count_down_import/top_link_design.log":


	#HD: Parsing log file "./Implement/Config_shift_left_count_down_import/write_checkpoint.log":


	#HD: Parsing log file "./Implement/Config_shift_left_count_down_import/top_opt_design.log":


	#HD: Parsing log file "./Implement/Config_shift_left_count_down_import/write_checkpoint.log":


	#HD: Parsing log file "./Implement/Config_shift_left_count_down_import/top_place_design.log":


	#HD: Parsing log file "./Implement/Config_shift_left_count_down_import/write_checkpoint.log":


	#HD: Parsing log file "./Implement/Config_shift_left_count_down_import/top_phys_opt_design.log":


	#HD: Parsing log file "./Implement/Config_shift_left_count_down_import/write_checkpoint.log":


	#HD: Parsing log file "./Implement/Config_shift_left_count_down_import/top_route_design.log":


	#HD: Parsing log file "./Implement/Config_shift_left_count_down_import/write_checkpoint.log":


	#HD: Parsing log file "./Implement/Config_shift_left_count_down_import/temp.log":


	#HD: Parsing log file "./Implement/Config_shift_left_count_down_import/temp.log":


	#HD: Parsing log file "./Implement/Config_shift_left_count_down_import/temp.log":


	#HD: Parsing log file "./Implement/Config_shift_left_count_down_import/reports/top_design_status.rpt":


	#HD: Parsing log file "./Implement/Config_shift_left_count_down_import/reports/temp.log":


	#HD: Parsing log file "./Implement/Config_shift_left_count_down_import/lock_inst_shift.log":


	#HD: Parsing log file "./Implement/Config_shift_left_count_down_import/write_checkpoint.log":


	#HD: Parsing log file "./Implement/Config_shift_left_count_down_import/lock_inst_count.log":


	#HD: Parsing log file "./Implement/Config_shift_left_count_down_import/write_checkpoint.log":


