Info: Running Vivado version Vivado v2022.2 (64-bit)
SW Build 3671981 on Fri Oct 14 04:59:54 MDT 2022
IP Build 3669848 on Fri Oct 14 08:30:02 MDT 2022
Tool Version Limit: 2022.10
Copyright 1986-2022 Xilinx, Inc. All Rights Reserved.

#HD: Running implementation Config_shift_left_count_down_import
Writing results to: ./Implement/Config_shift_left_count_down_import
Writing reports to: ./Implement/Config_shift_left_count_down_import/reports

| ------------------- | ------------- | ------------------------- | ------------------------------------------------------------------------------------- |
| Phase               | Time in Phase | Time/Date                 | Description                                                                           |
| ------------------- | ------------- | ------------------------- | ------------------------------------------------------------------------------------- |
| link_design         | 00h:00m:01s   | 10:05:10 Thu Apr 27 2023  | link_design -mode default -reconfig_partitions {inst_shift inst_count} -part xcku040-ffva1156-2-e -top top |
| ------------------- | ------------- | ------------------------- | ------------------------------------------------------------------------------------- |
| write_checkpoint    | 00h:00m:00s   | 10:05:11 Thu Apr 27 2023  | Post link_design checkpoint                                                           |
| ------------------- | ------------- | ------------------------- | ------------------------------------------------------------------------------------- |
| opt_design          | 00h:00m:03s   | 10:05:11 Thu Apr 27 2023  | opt_design                                                                            |
| ------------------- | ------------- | ------------------------- | ------------------------------------------------------------------------------------- |
| write_checkpoint    | 00h:00m:00s   | 10:05:14 Thu Apr 27 2023  | Post-opt_design checkpoint                                                            |
| ------------------- | ------------- | ------------------------- | ------------------------------------------------------------------------------------- |
| place_design        | 00h:00m:05s   | 10:05:14 Thu Apr 27 2023  | place_design                                                                          |
| ------------------- | ------------- | ------------------------- | ------------------------------------------------------------------------------------- |
| write_checkpoint    | 00h:00m:00s   | 10:05:19 Thu Apr 27 2023  | Post-place_design checkpoint                                                          |
| ------------------- | ------------- | ------------------------- | ------------------------------------------------------------------------------------- |
| phys_opt_design     | 00h:00m:00s   | 10:05:19 Thu Apr 27 2023  | phys_opt_design                                                                       |
| ------------------- | ------------- | ------------------------- | ------------------------------------------------------------------------------------- |
| write_checkpoint    | 00h:00m:01s   | 10:05:19 Thu Apr 27 2023  | Post-phys_opt_design checkpoint                                                       |
| ------------------- | ------------- | ------------------------- | ------------------------------------------------------------------------------------- |
| route_design        | 00h:01m:06s   | 10:05:20 Thu Apr 27 2023  | route_design                                                                          |
| ------------------- | ------------- | ------------------------- | ------------------------------------------------------------------------------------- |
| write_checkpoint    | 00h:00m:01s   | 10:06:26 Thu Apr 27 2023  | Post-route_design checkpoint                                                          |
| ------------------- | ------------- | ------------------------- | ------------------------------------------------------------------------------------- |
| report_utilization  | 00h:00m:00s   | 10:06:27 Thu Apr 27 2023  |                                                                                       |
| ------------------- | ------------- | ------------------------- | ------------------------------------------------------------------------------------- |
| report_route_status | 00h:00m:00s   | 10:06:27 Thu Apr 27 2023  |                                                                                       |
| ------------------- | ------------- | ------------------------- | ------------------------------------------------------------------------------------- |
| report_timing       | 00h:00m:00s   | 10:06:27 Thu Apr 27 2023  | Timing Summary                                                                        |
| ------------------- | ------------- | ------------------------- | ------------------------------------------------------------------------------------- |
Setup:
	| WNS=8.273 | TNS=0.000 | Failing Endpoints=0 | Total Endpoints=80 |
Hold:
	| WHS=0.065 | THS=0.000 | Failing Endpoints=0 | Total Endpoints=80 |
Pulse Width:
	 | WPWS=0.750 | TPWS=0.000 | Failing Endpoints=0 | Total Endpoints=71 |


Total time:		00h:01m:18s


| report_drc          | 00h:00m:01s   | 10:06:28 Thu Apr 27 2023  | bitstream_checks                                                                      |
| ------------------- | ------------- | ------------------------- | ------------------------------------------------------------------------------------- |

#HD: Running implementation Config_shift_left_count_down_import

| ------------------- | ------------- | ------------------------- | ------------------------------------------------------------------------------------- |
| Phase               | Time in Phase | Time/Date                 | Description                                                                           |
| ------------------- | ------------- | ------------------------- | ------------------------------------------------------------------------------------- |
| write_checkpoint    | 00h:00m:00s   | 10:06:29 Thu Apr 27 2023  | Write cell checkpoint for inst_shift                                                  |
| ------------------- | ------------- | ------------------------- | ------------------------------------------------------------------------------------- |
| write_checkpoint    | 00h:00m:00s   | 10:06:29 Thu Apr 27 2023  | Write cell checkpoint for inst_count                                                  |
| ------------------- | ------------- | ------------------------- | ------------------------------------------------------------------------------------- |
Total time:		00h:00m:00s


