Command: route_design
Attempting to get a license for feature 'Implementation' and/or device 'xcku040'
INFO: [Common 17-349] Got license for feature 'Implementation' and/or device 'xcku040'
Running DRC as a precondition to command route_design
INFO: [DRC 23-27] Running DRC with 8 threads
INFO: [Vivado_Tcl 4-198] DRC finished with 0 Errors
INFO: [Vivado_Tcl 4-199] Please refer to the DRC report (report_drc) for more information.


Starting Routing Task
INFO: [Route 35-254] Multithreading enabled for route_design using a maximum of 8 CPUs

Phase 1 Build RT Design
Checksum: PlaceDB: b96b6500 ConstDB: 0 ShapeSum: 826098ff RouteDB: e0b6fba3
Post Restoration Checksum: NetGraph: 11367b53 NumContArr: 37fe79dd Constraints: 6e0232d0 Timing: 0
Phase 1 Build RT Design | Checksum: b7372800

Time (s): cpu = 00:01:11 ; elapsed = 00:01:04 . Memory (MB): peak = 3979.730 ; gain = 0.000 ; free physical = 11276 ; free virtual = 33579

Phase 2 Router Initialization

Phase 2.1 Fix Topology Constraints
Phase 2.1 Fix Topology Constraints | Checksum: b7372800

Time (s): cpu = 00:01:11 ; elapsed = 00:01:04 . Memory (MB): peak = 3979.730 ; gain = 0.000 ; free physical = 11185 ; free virtual = 33487

Phase 2.2 Pre Route Cleanup
Phase 2.2 Pre Route Cleanup | Checksum: b7372800

Time (s): cpu = 00:01:11 ; elapsed = 00:01:04 . Memory (MB): peak = 3979.730 ; gain = 0.000 ; free physical = 11185 ; free virtual = 33487

Phase 2.3 Global Clock Net Routing
 Number of Nodes with overlaps = 0
Phase 2.3 Global Clock Net Routing | Checksum: 13fa0059e

Time (s): cpu = 00:01:12 ; elapsed = 00:01:04 . Memory (MB): peak = 3991.578 ; gain = 11.848 ; free physical = 11185 ; free virtual = 33488

Phase 2.4 Update Timing
Phase 2.4 Update Timing | Checksum: 1b8d85c90

Time (s): cpu = 00:01:12 ; elapsed = 00:01:04 . Memory (MB): peak = 3991.578 ; gain = 11.848 ; free physical = 11189 ; free virtual = 33491
INFO: [Route 35-416] Intermediate Timing Summary | WNS=8.361  | TNS=0.000  | WHS=0.065  | THS=0.000  |


Router Utilization Summary
  Global Vertical Routing Utilization    = 0 %
  Global Horizontal Routing Utilization  = 0 %
  Routable Net Status*
  *Does not include unroutable nets such as driverless and loadless.
  Run report_route_status for detailed report.
  Number of Failed Nets               = 57
    (Failed Nets is the sum of unrouted and partially routed nets)
  Number of Unrouted Nets             = 36
  Number of Partially Routed Nets     = 21
  Number of Node Overlaps             = 0

Phase 2 Router Initialization | Checksum: 1cfc0ec35

Time (s): cpu = 00:01:13 ; elapsed = 00:01:04 . Memory (MB): peak = 3991.578 ; gain = 11.848 ; free physical = 11194 ; free virtual = 33497

Phase 3 Initial Routing

Phase 3.1 Global Routing
Phase 3.1 Global Routing | Checksum: 1cfc0ec35

Time (s): cpu = 00:01:13 ; elapsed = 00:01:04 . Memory (MB): peak = 3991.578 ; gain = 11.848 ; free physical = 11194 ; free virtual = 33497
Phase 3 Initial Routing | Checksum: 9b9218e6

Time (s): cpu = 00:01:16 ; elapsed = 00:01:05 . Memory (MB): peak = 3991.578 ; gain = 11.848 ; free physical = 11204 ; free virtual = 33510

Phase 4 Rip-up And Reroute

Phase 4.1 Global Iteration 0
 Number of Nodes with overlaps = 0
INFO: [Route 35-416] Intermediate Timing Summary | WNS=8.273  | TNS=0.000  | WHS=0.065  | THS=0.000  |

Phase 4.1 Global Iteration 0 | Checksum: 203c354d5

Time (s): cpu = 00:01:16 ; elapsed = 00:01:05 . Memory (MB): peak = 3992.578 ; gain = 12.848 ; free physical = 11246 ; free virtual = 33481

Phase 4.2 Additional Iteration for Hold
Phase 4.2 Additional Iteration for Hold | Checksum: 1bdeba56d

Time (s): cpu = 00:01:16 ; elapsed = 00:01:05 . Memory (MB): peak = 3992.578 ; gain = 12.848 ; free physical = 11240 ; free virtual = 33475
Phase 4 Rip-up And Reroute | Checksum: 1bdeba56d

Time (s): cpu = 00:01:16 ; elapsed = 00:01:05 . Memory (MB): peak = 3992.578 ; gain = 12.848 ; free physical = 11240 ; free virtual = 33475

Phase 5 Delay and Skew Optimization

Phase 5.1 Delay CleanUp
Phase 5.1 Delay CleanUp | Checksum: 1bdeba56d

Time (s): cpu = 00:01:16 ; elapsed = 00:01:05 . Memory (MB): peak = 3992.578 ; gain = 12.848 ; free physical = 11240 ; free virtual = 33475

Phase 5.2 Clock Skew Optimization
Phase 5.2 Clock Skew Optimization | Checksum: 1bdeba56d

Time (s): cpu = 00:01:16 ; elapsed = 00:01:05 . Memory (MB): peak = 3992.578 ; gain = 12.848 ; free physical = 11240 ; free virtual = 33475
Phase 5 Delay and Skew Optimization | Checksum: 1bdeba56d

Time (s): cpu = 00:01:16 ; elapsed = 00:01:05 . Memory (MB): peak = 3992.578 ; gain = 12.848 ; free physical = 11240 ; free virtual = 33475

Phase 6 Post Hold Fix

Phase 6.1 Hold Fix Iter

Phase 6.1.1 Update Timing
Phase 6.1.1 Update Timing | Checksum: 236bdb4bf

Time (s): cpu = 00:01:16 ; elapsed = 00:01:06 . Memory (MB): peak = 3992.578 ; gain = 12.848 ; free physical = 11233 ; free virtual = 33476
INFO: [Route 35-416] Intermediate Timing Summary | WNS=8.273  | TNS=0.000  | WHS=0.065  | THS=0.000  |

Phase 6.1 Hold Fix Iter | Checksum: 236bdb4bf

Time (s): cpu = 00:01:16 ; elapsed = 00:01:06 . Memory (MB): peak = 3992.578 ; gain = 12.848 ; free physical = 11233 ; free virtual = 33476
Phase 6 Post Hold Fix | Checksum: 236bdb4bf

Time (s): cpu = 00:01:16 ; elapsed = 00:01:06 . Memory (MB): peak = 3992.578 ; gain = 12.848 ; free physical = 11233 ; free virtual = 33476

Phase 7 Route finalize

Router Utilization Summary
  Global Vertical Routing Utilization    = 0.000759779 %
  Global Horizontal Routing Utilization  = 0.000904734 %
  Routable Net Status*
  *Does not include unroutable nets such as driverless and loadless.
  Run report_route_status for detailed report.
  Number of Failed Nets               = 0
    (Failed Nets is the sum of unrouted and partially routed nets)
  Number of Unrouted Nets             = 0
  Number of Partially Routed Nets     = 0
  Number of Node Overlaps             = 0

Phase 7 Route finalize | Checksum: 285c20f21

Time (s): cpu = 00:01:18 ; elapsed = 00:01:06 . Memory (MB): peak = 4000.582 ; gain = 20.852 ; free physical = 11200 ; free virtual = 33443

Phase 8 Verifying routed nets

 Verification completed successfully
Phase 8 Verifying routed nets | Checksum: 285c20f21

Time (s): cpu = 00:01:18 ; elapsed = 00:01:06 . Memory (MB): peak = 4000.582 ; gain = 20.852 ; free physical = 11198 ; free virtual = 33441

Phase 9 Depositing Routes
Phase 9 Depositing Routes | Checksum: 285c20f21

Time (s): cpu = 00:01:18 ; elapsed = 00:01:06 . Memory (MB): peak = 4000.582 ; gain = 20.852 ; free physical = 11198 ; free virtual = 33441

Phase 10 Post Router Timing
INFO: [Route 35-57] Estimated Timing Summary | WNS=8.273  | TNS=0.000  | WHS=0.065  | THS=0.000  |

INFO: [Route 35-327] The final timing numbers are based on the router estimated timing analysis. For a complete and accurate timing signoff, please run report_timing_summary.
Phase 10 Post Router Timing | Checksum: 285c20f21

Time (s): cpu = 00:01:18 ; elapsed = 00:01:06 . Memory (MB): peak = 4000.582 ; gain = 20.852 ; free physical = 11196 ; free virtual = 33445
INFO: [Route 35-16] Router Completed Successfully

Time (s): cpu = 00:01:18 ; elapsed = 00:01:06 . Memory (MB): peak = 4000.582 ; gain = 20.852 ; free physical = 11314 ; free virtual = 33561

Routing Is Done.
INFO: [Common 17-83] Releasing license: Implementation
294 Infos, 16 Warnings, 2 Critical Warnings and 0 Errors encountered.
route_design completed successfully
route_design: Time (s): cpu = 00:01:20 ; elapsed = 00:01:07 . Memory (MB): peak = 4000.582 ; gain = 20.852 ; free physical = 11314 ; free virtual = 33561
