	#HD: Parsing log file "./Synth/Static/create_project.log":


	#HD: Parsing log file "./Synth/Static/top_synth_design.rds":
	CRITICAL WARNING: [Project 1-486] Could not resolve non-primitive black box cell 'count' instantiated as 'inst_count' [/home/tesla/workspace/05.Soc/10.studies/03.dfx/labs/lab2_ultrascale_basic_DFX_Flow/led_shift_count_us/Sources/hdl/top/top.v:97]
	CRITICAL WARNING: [Project 1-486] Could not resolve non-primitive black box cell 'shift' instantiated as 'inst_shift' [/home/tesla/workspace/05.Soc/10.studies/03.dfx/labs/lab2_ultrascale_basic_DFX_Flow/led_shift_count_us/Sources/hdl/top/top.v:89]


	#HD: Parsing log file "./Synth/Static/write_checkpoint.log":


	#HD: Parsing log file "./Synth/Static/temp.log":


	#HD: Parsing log file "./Synth/count_up/create_project.log":


	#HD: Parsing log file "./Synth/count_up/count_synth_design.rds":


	#HD: Parsing log file "./Synth/count_up/write_checkpoint.log":


	#HD: Parsing log file "./Synth/count_up/temp.log":


	#HD: Parsing log file "./Synth/count_down/create_project.log":


	#HD: Parsing log file "./Synth/count_down/count_synth_design.rds":


	#HD: Parsing log file "./Synth/count_down/write_checkpoint.log":


	#HD: Parsing log file "./Synth/count_down/temp.log":


	#HD: Parsing log file "./Synth/shift_right/create_project.log":


	#HD: Parsing log file "./Synth/shift_right/shift_synth_design.rds":


	#HD: Parsing log file "./Synth/shift_right/write_checkpoint.log":


	#HD: Parsing log file "./Synth/shift_right/temp.log":


	#HD: Parsing log file "./Synth/shift_left/create_project.log":


	#HD: Parsing log file "./Synth/shift_left/shift_synth_design.rds":


	#HD: Parsing log file "./Synth/shift_left/write_checkpoint.log":


	#HD: Parsing log file "./Synth/shift_left/temp.log":


