	#HD: Parsing log file "./Synth/Static/create_project.log":


	#HD: Parsing log file "./Synth/Static/top_synth_design.rds":
	CRITICAL WARNING: [Project 1-486] Could not resolve non-primitive black box cell 'count' instantiated as 'inst_count' [/home/tesla/workspace/05.Soc/10.studies/03.dfx/labs/lab2_ultrascale_basic_DFX_Flow/led_shift_count_us/Sources/hdl/top/top.v:97]
	CRITICAL WARNING: [Project 1-486] Could not resolve non-primitive black box cell 'shift' instantiated as 'inst_shift' [/home/tesla/workspace/05.Soc/10.studies/03.dfx/labs/lab2_ultrascale_basic_DFX_Flow/led_shift_count_us/Sources/hdl/top/top.v:89]


	#HD: Parsing log file "./Synth/Static/write_checkpoint.log":


	#HD: Parsing log file "./Synth/Static/temp.log":


	#HD: Parsing log file "./Synth/count_up/create_project.log":


	#HD: Parsing log file "./Synth/count_up/count_synth_design.rds":


	#HD: Parsing log file "./Synth/count_up/write_checkpoint.log":


	#HD: Parsing log file "./Synth/count_up/temp.log":


	#HD: Parsing log file "./Synth/count_down/create_project.log":


	#HD: Parsing log file "./Synth/count_down/count_synth_design.rds":


	#HD: Parsing log file "./Synth/count_down/write_checkpoint.log":


	#HD: Parsing log file "./Synth/count_down/temp.log":


	#HD: Parsing log file "./Synth/shift_right/create_project.log":


	#HD: Parsing log file "./Synth/shift_right/shift_synth_design.rds":


	#HD: Parsing log file "./Synth/shift_right/write_checkpoint.log":


	#HD: Parsing log file "./Synth/shift_right/temp.log":


	#HD: Parsing log file "./Synth/shift_left/create_project.log":


	#HD: Parsing log file "./Synth/shift_left/shift_synth_design.rds":


	#HD: Parsing log file "./Synth/shift_left/write_checkpoint.log":


	#HD: Parsing log file "./Synth/shift_left/temp.log":


	#HD: Parsing log file "./Implement/Config_shift_right_count_up_implement/create_project.log":


	#HD: Parsing log file "./Implement/Config_shift_right_count_up_implement/top_link_design.log":


	#HD: Parsing log file "./Implement/Config_shift_right_count_up_implement/write_checkpoint.log":


	#HD: Parsing log file "./Implement/Config_shift_right_count_up_implement/top_opt_design.log":


	#HD: Parsing log file "./Implement/Config_shift_right_count_up_implement/write_checkpoint.log":


	#HD: Parsing log file "./Implement/Config_shift_right_count_up_implement/top_place_design.log":


	#HD: Parsing log file "./Implement/Config_shift_right_count_up_implement/write_checkpoint.log":


	#HD: Parsing log file "./Implement/Config_shift_right_count_up_implement/top_phys_opt_design.log":


	#HD: Parsing log file "./Implement/Config_shift_right_count_up_implement/write_checkpoint.log":


	#HD: Parsing log file "./Implement/Config_shift_right_count_up_implement/top_route_design.log":


	#HD: Parsing log file "./Implement/Config_shift_right_count_up_implement/write_checkpoint.log":


	#HD: Parsing log file "./Implement/Config_shift_right_count_up_implement/temp.log":


	#HD: Parsing log file "./Implement/Config_shift_right_count_up_implement/temp.log":


	#HD: Parsing log file "./Implement/Config_shift_right_count_up_implement/temp.log":


	#HD: Parsing log file "./Implement/Config_shift_right_count_up_implement/reports/top_design_status.rpt":


	#HD: Parsing log file "./Implement/Config_shift_right_count_up_implement/reports/temp.log":


	#HD: Parsing log file "./Implement/Config_shift_right_count_up_implement/lock_inst_shift.log":


	#HD: Parsing log file "./Implement/Config_shift_right_count_up_implement/write_checkpoint.log":


	#HD: Parsing log file "./Implement/Config_shift_right_count_up_implement/carve_inst_shift.log":


	#HD: Parsing log file "./Implement/Config_shift_right_count_up_implement/lock_inst_count.log":


	#HD: Parsing log file "./Implement/Config_shift_right_count_up_implement/write_checkpoint.log":


	#HD: Parsing log file "./Implement/Config_shift_right_count_up_implement/carve_inst_count.log":


	#HD: Parsing log file "./Implement/Config_shift_right_count_up_implement/lock_design_top.log":


	#HD: Parsing log file "./Implement/Config_shift_right_count_up_implement/write_checkpoint.log":


	#HD: Parsing log file "./Implement/Config_shift_left_count_down_import/create_project.log":


	#HD: Parsing log file "./Implement/Config_shift_left_count_down_import/top_link_design.log":


	#HD: Parsing log file "./Implement/Config_shift_left_count_down_import/write_checkpoint.log":


	#HD: Parsing log file "./Implement/Config_shift_left_count_down_import/top_opt_design.log":


	#HD: Parsing log file "./Implement/Config_shift_left_count_down_import/write_checkpoint.log":


	#HD: Parsing log file "./Implement/Config_shift_left_count_down_import/top_place_design.log":


	#HD: Parsing log file "./Implement/Config_shift_left_count_down_import/write_checkpoint.log":


	#HD: Parsing log file "./Implement/Config_shift_left_count_down_import/top_phys_opt_design.log":


	#HD: Parsing log file "./Implement/Config_shift_left_count_down_import/write_checkpoint.log":


	#HD: Parsing log file "./Implement/Config_shift_left_count_down_import/top_route_design.log":


	#HD: Parsing log file "./Implement/Config_shift_left_count_down_import/write_checkpoint.log":


	#HD: Parsing log file "./Implement/Config_shift_left_count_down_import/temp.log":


	#HD: Parsing log file "./Implement/Config_shift_left_count_down_import/temp.log":


	#HD: Parsing log file "./Implement/Config_shift_left_count_down_import/temp.log":


	#HD: Parsing log file "./Implement/Config_shift_left_count_down_import/reports/top_design_status.rpt":


	#HD: Parsing log file "./Implement/Config_shift_left_count_down_import/reports/temp.log":


	#HD: Parsing log file "./Implement/Config_shift_left_count_down_import/lock_inst_shift.log":


	#HD: Parsing log file "./Implement/Config_shift_left_count_down_import/write_checkpoint.log":


	#HD: Parsing log file "./Implement/Config_shift_left_count_down_import/lock_inst_count.log":


	#HD: Parsing log file "./Implement/Config_shift_left_count_down_import/write_checkpoint.log":


	#HD: Parsing log file "pr_verify_results.log":


	#HD: Parsing log file "./Bitstreams/open_checkpoint_Config_shift_left_count_down_import.log":


	#HD: Parsing log file "./Bitstreams/Config_shift_left_count_down_import_full.log":


	#HD: Parsing log file "./Bitstreams/pblock_inst_shift_shift_left_partial.log":


	#HD: Parsing log file "./Bitstreams/pblock_inst_count_count_down_partial.log":


	#HD: Parsing log file "./Bitstreams/temp.log":


	#HD: Parsing log file "./Bitstreams/open_checkpoint_Config_shift_right_count_up_implement.log":


	#HD: Parsing log file "./Bitstreams/Config_shift_right_count_up_implement_full.log":


	#HD: Parsing log file "./Bitstreams/pblock_inst_shift_shift_right_partial.log":


	#HD: Parsing log file "./Bitstreams/pblock_inst_count_count_up_partial.log":


	#HD: Parsing log file "./Bitstreams/temp.log":


