puts "#HD: Running implementation Config_shift_right_count_up_implement"
create_project -in_memory -part xcku040-ffva1156-2-e > ./Implement/Config_shift_right_count_up_implement/create_project.log
add_files ./Synth/Static/top_synth.dcp
add_files ./Sources/xdc/top_kcu105.xdc
set_property USED_IN {implementation} [get_files ./Sources/xdc/top_kcu105.xdc]
add_file ./Synth/shift_right/shift_synth.dcp
set_property SCOPED_TO_CELLS {inst_shift} [get_files ./Synth/shift_right/shift_synth.dcp]
add_file ./Synth/count_up/count_synth.dcp
set_property SCOPED_TO_CELLS {inst_count} [get_files ./Synth/count_up/count_synth.dcp]
link_design -mode default -reconfig_partitions {inst_shift inst_count} -part xcku040-ffva1156-2-e -top top > ./Implement/Config_shift_right_count_up_implement/top_link_design.log
write_checkpoint -force ./Implement/Config_shift_right_count_up_implement/top_link_design.dcp > ./Implement/Config_shift_right_count_up_implement/write_checkpoint.log
opt_design > ./Implement/Config_shift_right_count_up_implement/top_opt_design.log
puts "	#HD: Completed: opt_design"
write_checkpoint -force ./Implement/Config_shift_right_count_up_implement/top_opt_design.dcp > ./Implement/Config_shift_right_count_up_implement/write_checkpoint.log
place_design > ./Implement/Config_shift_right_count_up_implement/top_place_design.log
puts "	#HD: Completed: place_design"
write_checkpoint -force ./Implement/Config_shift_right_count_up_implement/top_place_design.dcp > ./Implement/Config_shift_right_count_up_implement/write_checkpoint.log
phys_opt_design > ./Implement/Config_shift_right_count_up_implement/top_phys_opt_design.log
puts "	#HD: Completed: phys_opt_design"
write_checkpoint -force ./Implement/Config_shift_right_count_up_implement/top_phys_opt_design.dcp > ./Implement/Config_shift_right_count_up_implement/write_checkpoint.log
route_design > ./Implement/Config_shift_right_count_up_implement/top_route_design.log
puts "	#HD: Completed: route_design"
write_checkpoint -force ./Implement/Config_shift_right_count_up_implement/top_route_design.dcp > ./Implement/Config_shift_right_count_up_implement/write_checkpoint.log
report_utilization -file ./Implement/Config_shift_right_count_up_implement/reports/top_utilization_route_design.rpt > ./Implement/Config_shift_right_count_up_implement/temp.log
report_route_status -file ./Implement/Config_shift_right_count_up_implement/reports/top_route_status.rpt > ./Implement/Config_shift_right_count_up_implement/temp.log
report_timing_summary -delay_type min_max -report_unconstrained -check_timing_verbose -max_paths 10 -input_pins -file ./Implement/Config_shift_right_count_up_implement/reports/top_timing_summary.rpt > ./Implement/Config_shift_right_count_up_implement/temp.log
debug::report_design_status > ./Implement/Config_shift_right_count_up_implement/reports/top_design_status.rpt
report_drc -ruledeck bitstream_checks -name top -file ./Implement/Config_shift_right_count_up_implement/reports/top_drc_bitstream_checks.rpt > ./Implement/Config_shift_right_count_up_implement/reports/temp.log
lock_design -level logical -cell inst_shift > ./Implement/Config_shift_right_count_up_implement/lock_inst_shift.log
write_checkpoint -force -cell inst_shift ./Implement/Config_shift_right_count_up_implement/inst_shift_shift_right_route_design.dcp > ./Implement/Config_shift_right_count_up_implement/write_checkpoint.log
file copy -force ./Implement/Config_shift_right_count_up_implement/inst_shift_shift_right_route_design.dcp ./Checkpoint
update_design -cell inst_shift -black_box > ./Implement/Config_shift_right_count_up_implement/carve_inst_shift.log
lock_design -level logical -cell inst_count > ./Implement/Config_shift_right_count_up_implement/lock_inst_count.log
write_checkpoint -force -cell inst_count ./Implement/Config_shift_right_count_up_implement/inst_count_count_up_route_design.dcp > ./Implement/Config_shift_right_count_up_implement/write_checkpoint.log
file copy -force ./Implement/Config_shift_right_count_up_implement/inst_count_count_up_route_design.dcp ./Checkpoint
update_design -cell inst_count -black_box > ./Implement/Config_shift_right_count_up_implement/carve_inst_count.log
lock_design -level routing > ./Implement/Config_shift_right_count_up_implement/lock_design_top.log
write_checkpoint -force ./Implement/Config_shift_right_count_up_implement/top_static.dcp > ./Implement/Config_shift_right_count_up_implement/write_checkpoint.log
file copy -force ./Implement/Config_shift_right_count_up_implement/top_static.dcp ./Checkpoint
puts "#HD: Implementation Config_shift_right_count_up_implement complete\n"
close_project
