	#HD: Parsing log file "./Implement/Config_shift_right_count_up_implement/create_project.log":


	#HD: Parsing log file "./Implement/Config_shift_right_count_up_implement/top_link_design.log":


	#HD: Parsing log file "./Implement/Config_shift_right_count_up_implement/write_checkpoint.log":


	#HD: Parsing log file "./Implement/Config_shift_right_count_up_implement/top_opt_design.log":


	#HD: Parsing log file "./Implement/Config_shift_right_count_up_implement/write_checkpoint.log":


	#HD: Parsing log file "./Implement/Config_shift_right_count_up_implement/top_place_design.log":


	#HD: Parsing log file "./Implement/Config_shift_right_count_up_implement/write_checkpoint.log":


	#HD: Parsing log file "./Implement/Config_shift_right_count_up_implement/top_phys_opt_design.log":


	#HD: Parsing log file "./Implement/Config_shift_right_count_up_implement/write_checkpoint.log":


	#HD: Parsing log file "./Implement/Config_shift_right_count_up_implement/top_route_design.log":


	#HD: Parsing log file "./Implement/Config_shift_right_count_up_implement/write_checkpoint.log":


	#HD: Parsing log file "./Implement/Config_shift_right_count_up_implement/temp.log":


	#HD: Parsing log file "./Implement/Config_shift_right_count_up_implement/temp.log":


	#HD: Parsing log file "./Implement/Config_shift_right_count_up_implement/temp.log":


	#HD: Parsing log file "./Implement/Config_shift_right_count_up_implement/reports/top_design_status.rpt":


	#HD: Parsing log file "./Implement/Config_shift_right_count_up_implement/reports/temp.log":


	#HD: Parsing log file "./Implement/Config_shift_right_count_up_implement/lock_inst_shift.log":


	#HD: Parsing log file "./Implement/Config_shift_right_count_up_implement/write_checkpoint.log":


	#HD: Parsing log file "./Implement/Config_shift_right_count_up_implement/carve_inst_shift.log":


	#HD: Parsing log file "./Implement/Config_shift_right_count_up_implement/lock_inst_count.log":


	#HD: Parsing log file "./Implement/Config_shift_right_count_up_implement/write_checkpoint.log":


	#HD: Parsing log file "./Implement/Config_shift_right_count_up_implement/carve_inst_count.log":


	#HD: Parsing log file "./Implement/Config_shift_right_count_up_implement/lock_design_top.log":


	#HD: Parsing log file "./Implement/Config_shift_right_count_up_implement/write_checkpoint.log":


